<?xml version="1.0" encoding="UTF-8"?>
<!-- Generated by org.testng.reporters.JUnitReportReporter -->
<testsuite hostname="LAPTOP-7ILL6B1Q" failures="0" tests="2" name="problem3and4WithTestNG.AutomationProblem3WithTestNG" time="0.103" errors="0" timestamp="2023-10-13T15:58:05 IST" skipped="0">
  <testcase classname="problem3and4WithTestNG.AutomationProblem3WithTestNG" name="testWebsiteLogoPresence" time="0.044"/>
  <testcase classname="problem3and4WithTestNG.AutomationProblem3WithTestNG" name="testRequestDemoButton" time="0.059"/>
</testsuite> <!-- problem3and4WithTestNG.AutomationProblem3WithTestNG -->
